[2024-03-29T08:29:56.964+0000] {taskinstance.py:1979} INFO - Dependencies all met for dep_context=non-requeueable deps ti=<TaskInstance: pdf_to_csv_extraction.extract_and_convert_to_csv manual__2024-03-29T08:29:54.792251+00:00 [queued]>
[2024-03-29T08:29:56.972+0000] {taskinstance.py:1979} INFO - Dependencies all met for dep_context=requeueable deps ti=<TaskInstance: pdf_to_csv_extraction.extract_and_convert_to_csv manual__2024-03-29T08:29:54.792251+00:00 [queued]>
[2024-03-29T08:29:56.974+0000] {taskinstance.py:2193} INFO - Starting attempt 1 of 1
[2024-03-29T08:29:56.988+0000] {taskinstance.py:2217} INFO - Executing <Task(PythonOperator): extract_and_convert_to_csv> on 2024-03-29 08:29:54.792251+00:00
[2024-03-29T08:29:56.996+0000] {standard_task_runner.py:60} INFO - Started process 339 to run task
[2024-03-29T08:29:57.000+0000] {standard_task_runner.py:87} INFO - Running: ['***', 'tasks', 'run', 'pdf_to_csv_extraction', 'extract_and_convert_to_csv', 'manual__2024-03-29T08:29:54.792251+00:00', '--job-id', '166', '--raw', '--subdir', 'DAGS_FOLDER/pypdf_csv.py', '--cfg-path', '/tmp/tmp2hyoj9fu']
[2024-03-29T08:29:57.002+0000] {standard_task_runner.py:88} INFO - Job 166: Subtask extract_and_convert_to_csv
[2024-03-29T08:29:57.064+0000] {task_command.py:423} INFO - Running <TaskInstance: pdf_to_csv_extraction.extract_and_convert_to_csv manual__2024-03-29T08:29:54.792251+00:00 [running]> on host 11ac2a879d6a
[2024-03-29T08:29:57.165+0000] {taskinstance.py:2513} INFO - Exporting env vars: AIRFLOW_CTX_DAG_OWNER='***' AIRFLOW_CTX_DAG_ID='pdf_to_csv_extraction' AIRFLOW_CTX_TASK_ID='extract_and_convert_to_csv' AIRFLOW_CTX_EXECUTION_DATE='2024-03-29T08:29:54.792251+00:00' AIRFLOW_CTX_TRY_NUMBER='1' AIRFLOW_CTX_DAG_RUN_ID='manual__2024-03-29T08:29:54.792251+00:00'
[2024-03-29T08:29:57.178+0000] {base.py:83} INFO - Using connection ID 'my_aws_credentials' for task execution.
[2024-03-29T08:29:58.324+0000] {base.py:83} INFO - Using connection ID 'my_aws_credentials' for task execution.
[2024-03-29T08:29:59.042+0000] {base.py:83} INFO - Using connection ID 'my_aws_credentials' for task execution.
[2024-03-29T08:29:59.409+0000] {base.py:83} INFO - Using connection ID 'my_aws_credentials' for task execution.
[2024-03-29T08:29:59.748+0000] {logging_mixin.py:188} INFO - Extracted text and CSV uploaded to: s3://assignment4-ext/pypdf2_extracted_text_2024-l1-topics-combined-2.txt
[2024-03-29T08:29:59.775+0000] {base.py:83} INFO - Using connection ID 'my_aws_credentials' for task execution.
[2024-03-29T08:30:00.745+0000] {base.py:83} INFO - Using connection ID 'my_aws_credentials' for task execution.
[2024-03-29T08:30:01.113+0000] {base.py:83} INFO - Using connection ID 'my_aws_credentials' for task execution.
[2024-03-29T08:30:01.543+0000] {base.py:83} INFO - Using connection ID 'my_aws_credentials' for task execution.
[2024-03-29T08:30:01.907+0000] {logging_mixin.py:188} INFO - Extracted text and CSV uploaded to: s3://assignment4-ext/pypdf2_extracted_text_2024-l2-topics-combined-2.txt
[2024-03-29T08:30:01.976+0000] {base.py:83} INFO - Using connection ID 'my_aws_credentials' for task execution.
[2024-03-29T08:30:02.981+0000] {base.py:83} INFO - Using connection ID 'my_aws_credentials' for task execution.
[2024-03-29T08:30:03.284+0000] {base.py:83} INFO - Using connection ID 'my_aws_credentials' for task execution.
[2024-03-29T08:30:03.659+0000] {base.py:83} INFO - Using connection ID 'my_aws_credentials' for task execution.
[2024-03-29T08:30:04.146+0000] {logging_mixin.py:188} INFO - Extracted text and CSV uploaded to: s3://assignment4-ext/pypdf2_extracted_text_2024-l3-topics-combined-2.txt
[2024-03-29T08:30:04.147+0000] {python.py:202} INFO - Done. Returned value was: None
[2024-03-29T08:30:04.157+0000] {taskinstance.py:1149} INFO - Marking task as SUCCESS. dag_id=pdf_to_csv_extraction, task_id=extract_and_convert_to_csv, execution_date=20240329T082954, start_date=20240329T082956, end_date=20240329T083004
[2024-03-29T08:30:04.210+0000] {local_task_job_runner.py:234} INFO - Task exited with return code 0
[2024-03-29T08:30:04.229+0000] {taskinstance.py:3312} INFO - 0 downstream tasks scheduled from follow-on schedule check
