[2024-03-29T08:27:32.963+0000] {taskinstance.py:1979} INFO - Dependencies all met for dep_context=non-requeueable deps ti=<TaskInstance: pdf_to_csv_extraction.extract_and_convert_to_csv manual__2024-03-29T08:27:30.423468+00:00 [queued]>
[2024-03-29T08:27:32.981+0000] {taskinstance.py:1979} INFO - Dependencies all met for dep_context=requeueable deps ti=<TaskInstance: pdf_to_csv_extraction.extract_and_convert_to_csv manual__2024-03-29T08:27:30.423468+00:00 [queued]>
[2024-03-29T08:27:32.982+0000] {taskinstance.py:2193} INFO - Starting attempt 1 of 1
[2024-03-29T08:27:33.107+0000] {taskinstance.py:2217} INFO - Executing <Task(PythonOperator): extract_and_convert_to_csv> on 2024-03-29 08:27:30.423468+00:00
[2024-03-29T08:27:33.121+0000] {standard_task_runner.py:60} INFO - Started process 280 to run task
[2024-03-29T08:27:33.126+0000] {standard_task_runner.py:87} INFO - Running: ['***', 'tasks', 'run', 'pdf_to_csv_extraction', 'extract_and_convert_to_csv', 'manual__2024-03-29T08:27:30.423468+00:00', '--job-id', '165', '--raw', '--subdir', 'DAGS_FOLDER/pypdf_csv.py', '--cfg-path', '/tmp/tmpv6dfggvb']
[2024-03-29T08:27:33.140+0000] {standard_task_runner.py:88} INFO - Job 165: Subtask extract_and_convert_to_csv
[2024-03-29T08:27:33.244+0000] {task_command.py:423} INFO - Running <TaskInstance: pdf_to_csv_extraction.extract_and_convert_to_csv manual__2024-03-29T08:27:30.423468+00:00 [running]> on host 11ac2a879d6a
[2024-03-29T08:27:33.387+0000] {taskinstance.py:2513} INFO - Exporting env vars: AIRFLOW_CTX_DAG_OWNER='***' AIRFLOW_CTX_DAG_ID='pdf_to_csv_extraction' AIRFLOW_CTX_TASK_ID='extract_and_convert_to_csv' AIRFLOW_CTX_EXECUTION_DATE='2024-03-29T08:27:30.423468+00:00' AIRFLOW_CTX_TRY_NUMBER='1' AIRFLOW_CTX_DAG_RUN_ID='manual__2024-03-29T08:27:30.423468+00:00'
[2024-03-29T08:27:33.402+0000] {base.py:83} INFO - Using connection ID 'my_aws_credentials' for task execution.
[2024-03-29T08:27:34.727+0000] {base.py:83} INFO - Using connection ID 'my_aws_credentials' for task execution.
[2024-03-29T08:27:35.129+0000] {base.py:83} INFO - Using connection ID 'my_aws_credentials' for task execution.
[2024-03-29T08:27:35.408+0000] {base.py:83} INFO - Using connection ID 'my_aws_credentials' for task execution.
[2024-03-29T08:27:35.720+0000] {logging_mixin.py:188} INFO - Extracted text and CSV uploaded to: s3://assignment4-ext/pypdf2_extracted_text_2024-l1-topics-combined-2.txt
[2024-03-29T08:27:35.736+0000] {base.py:83} INFO - Using connection ID 'my_aws_credentials' for task execution.
[2024-03-29T08:27:36.617+0000] {base.py:83} INFO - Using connection ID 'my_aws_credentials' for task execution.
[2024-03-29T08:27:37.027+0000] {base.py:83} INFO - Using connection ID 'my_aws_credentials' for task execution.
[2024-03-29T08:27:37.289+0000] {base.py:83} INFO - Using connection ID 'my_aws_credentials' for task execution.
[2024-03-29T08:27:37.592+0000] {logging_mixin.py:188} INFO - Extracted text and CSV uploaded to: s3://assignment4-ext/pypdf2_extracted_text_2024-l2-topics-combined-2.txt
[2024-03-29T08:27:37.609+0000] {base.py:83} INFO - Using connection ID 'my_aws_credentials' for task execution.
[2024-03-29T08:27:38.800+0000] {base.py:83} INFO - Using connection ID 'my_aws_credentials' for task execution.
[2024-03-29T08:27:39.177+0000] {base.py:83} INFO - Using connection ID 'my_aws_credentials' for task execution.
[2024-03-29T08:27:39.465+0000] {base.py:83} INFO - Using connection ID 'my_aws_credentials' for task execution.
[2024-03-29T08:27:39.741+0000] {logging_mixin.py:188} INFO - Extracted text and CSV uploaded to: s3://assignment4-ext/pypdf2_extracted_text_2024-l3-topics-combined-2.txt
[2024-03-29T08:27:39.743+0000] {python.py:202} INFO - Done. Returned value was: None
[2024-03-29T08:27:39.767+0000] {taskinstance.py:1149} INFO - Marking task as SUCCESS. dag_id=pdf_to_csv_extraction, task_id=extract_and_convert_to_csv, execution_date=20240329T082730, start_date=20240329T082732, end_date=20240329T082739
[2024-03-29T08:27:39.828+0000] {local_task_job_runner.py:234} INFO - Task exited with return code 0
[2024-03-29T08:27:39.864+0000] {taskinstance.py:3312} INFO - 0 downstream tasks scheduled from follow-on schedule check
