[2024-03-28T20:30:27.362+0000] {taskinstance.py:1979} INFO - Dependencies all met for dep_context=non-requeueable deps ti=<TaskInstance: pypdf_extraction.process_pdf manual__2024-03-28T20:30:23.418459+00:00 [queued]>
[2024-03-28T20:30:27.379+0000] {taskinstance.py:1979} INFO - Dependencies all met for dep_context=requeueable deps ti=<TaskInstance: pypdf_extraction.process_pdf manual__2024-03-28T20:30:23.418459+00:00 [queued]>
[2024-03-28T20:30:27.380+0000] {taskinstance.py:2193} INFO - Starting attempt 1 of 1
[2024-03-28T20:30:27.422+0000] {taskinstance.py:2217} INFO - Executing <Task(PythonOperator): process_pdf> on 2024-03-28 20:30:23.418459+00:00
[2024-03-28T20:30:27.438+0000] {standard_task_runner.py:60} INFO - Started process 93 to run task
[2024-03-28T20:30:27.445+0000] {standard_task_runner.py:87} INFO - Running: ['***', 'tasks', 'run', 'pypdf_extraction', 'process_pdf', 'manual__2024-03-28T20:30:23.418459+00:00', '--job-id', '36', '--raw', '--subdir', 'DAGS_FOLDER/pypdf_extraction.py', '--cfg-path', '/tmp/tmpooggpi9o']
[2024-03-28T20:30:27.453+0000] {standard_task_runner.py:88} INFO - Job 36: Subtask process_pdf
[2024-03-28T20:30:27.534+0000] {task_command.py:423} INFO - Running <TaskInstance: pypdf_extraction.process_pdf manual__2024-03-28T20:30:23.418459+00:00 [running]> on host 1149b1a07371
[2024-03-28T20:30:27.656+0000] {taskinstance.py:2513} INFO - Exporting env vars: AIRFLOW_CTX_DAG_OWNER='***' AIRFLOW_CTX_DAG_ID='pypdf_extraction' AIRFLOW_CTX_TASK_ID='process_pdf' AIRFLOW_CTX_EXECUTION_DATE='2024-03-28T20:30:23.418459+00:00' AIRFLOW_CTX_TRY_NUMBER='1' AIRFLOW_CTX_DAG_RUN_ID='manual__2024-03-28T20:30:23.418459+00:00'
[2024-03-28T20:30:27.671+0000] {base.py:83} INFO - Using connection ID 'my_aws_credentials' for task execution.
[2024-03-28T20:30:30.701+0000] {base.py:83} INFO - Using connection ID 'my_aws_credentials' for task execution.
[2024-03-28T20:30:31.340+0000] {logging_mixin.py:188} INFO - Extracted text uploaded to: s3://assignment4-ext/extracted_text_2024-l1-topics-combined-2.txt
[2024-03-28T20:30:31.354+0000] {base.py:83} INFO - Using connection ID 'my_aws_credentials' for task execution.
[2024-03-28T20:30:32.375+0000] {base.py:83} INFO - Using connection ID 'my_aws_credentials' for task execution.
[2024-03-28T20:30:32.721+0000] {logging_mixin.py:188} INFO - Extracted text uploaded to: s3://assignment4-ext/extracted_text_2024-l2-topics-combined-2.txt
[2024-03-28T20:30:32.738+0000] {base.py:83} INFO - Using connection ID 'my_aws_credentials' for task execution.
[2024-03-28T20:30:33.895+0000] {base.py:83} INFO - Using connection ID 'my_aws_credentials' for task execution.
[2024-03-28T20:30:34.196+0000] {logging_mixin.py:188} INFO - Extracted text uploaded to: s3://assignment4-ext/extracted_text_2024-l3-topics-combined-2.txt
[2024-03-28T20:30:34.197+0000] {python.py:202} INFO - Done. Returned value was: None
[2024-03-28T20:30:34.222+0000] {taskinstance.py:1149} INFO - Marking task as SUCCESS. dag_id=pypdf_extraction, task_id=process_pdf, execution_date=20240328T203023, start_date=20240328T203027, end_date=20240328T203034
[2024-03-28T20:30:34.283+0000] {local_task_job_runner.py:234} INFO - Task exited with return code 0
[2024-03-28T20:30:34.332+0000] {taskinstance.py:3312} INFO - 0 downstream tasks scheduled from follow-on schedule check
