[2024-03-29T08:50:29.276+0000] {taskinstance.py:1979} INFO - Dependencies all met for dep_context=non-requeueable deps ti=<TaskInstance: pdf_to_csv_extraction.extract_and_convert_to_csv manual__2024-03-29T08:50:26.580097+00:00 [queued]>
[2024-03-29T08:50:29.299+0000] {taskinstance.py:1979} INFO - Dependencies all met for dep_context=requeueable deps ti=<TaskInstance: pdf_to_csv_extraction.extract_and_convert_to_csv manual__2024-03-29T08:50:26.580097+00:00 [queued]>
[2024-03-29T08:50:29.300+0000] {taskinstance.py:2193} INFO - Starting attempt 1 of 2
[2024-03-29T08:50:29.324+0000] {taskinstance.py:2217} INFO - Executing <Task(PythonOperator): extract_and_convert_to_csv> on 2024-03-29 08:50:26.580097+00:00
[2024-03-29T08:50:29.343+0000] {standard_task_runner.py:60} INFO - Started process 727 to run task
[2024-03-29T08:50:29.348+0000] {standard_task_runner.py:87} INFO - Running: ['***', 'tasks', 'run', 'pdf_to_csv_extraction', 'extract_and_convert_to_csv', 'manual__2024-03-29T08:50:26.580097+00:00', '--job-id', '170', '--raw', '--subdir', 'DAGS_FOLDER/pypdf_csv.py', '--cfg-path', '/tmp/tmpmcxee5f6']
[2024-03-29T08:50:29.351+0000] {standard_task_runner.py:88} INFO - Job 170: Subtask extract_and_convert_to_csv
[2024-03-29T08:50:29.435+0000] {task_command.py:423} INFO - Running <TaskInstance: pdf_to_csv_extraction.extract_and_convert_to_csv manual__2024-03-29T08:50:26.580097+00:00 [running]> on host 11ac2a879d6a
[2024-03-29T08:50:29.577+0000] {taskinstance.py:2513} INFO - Exporting env vars: AIRFLOW_CTX_DAG_OWNER='***' AIRFLOW_CTX_DAG_ID='pdf_to_csv_extraction' AIRFLOW_CTX_TASK_ID='extract_and_convert_to_csv' AIRFLOW_CTX_EXECUTION_DATE='2024-03-29T08:50:26.580097+00:00' AIRFLOW_CTX_TRY_NUMBER='1' AIRFLOW_CTX_DAG_RUN_ID='manual__2024-03-29T08:50:26.580097+00:00'
[2024-03-29T08:50:29.592+0000] {base.py:83} INFO - Using connection ID 'my_aws_credentials' for task execution.
[2024-03-29T08:50:31.858+0000] {base.py:83} INFO - Using connection ID 'my_aws_credentials' for task execution.
[2024-03-29T08:50:32.667+0000] {base.py:83} INFO - Using connection ID 'my_aws_credentials' for task execution.
[2024-03-29T08:50:33.410+0000] {logging_mixin.py:188} INFO - Extracted text and CSV uploaded to: s3://assignment4-ext/pypdf2_extracted_text_2024-l1-topics-combined-2.txt
[2024-03-29T08:50:33.429+0000] {base.py:83} INFO - Using connection ID 'my_aws_credentials' for task execution.
[2024-03-29T08:50:34.507+0000] {base.py:83} INFO - Using connection ID 'my_aws_credentials' for task execution.
[2024-03-29T08:50:34.908+0000] {base.py:83} INFO - Using connection ID 'my_aws_credentials' for task execution.
[2024-03-29T08:50:35.215+0000] {logging_mixin.py:188} INFO - Extracted text and CSV uploaded to: s3://assignment4-ext/pypdf2_extracted_text_2024-l2-topics-combined-2.txt
[2024-03-29T08:50:35.231+0000] {base.py:83} INFO - Using connection ID 'my_aws_credentials' for task execution.
[2024-03-29T08:50:36.562+0000] {base.py:83} INFO - Using connection ID 'my_aws_credentials' for task execution.
[2024-03-29T08:50:36.952+0000] {base.py:83} INFO - Using connection ID 'my_aws_credentials' for task execution.
[2024-03-29T08:50:37.244+0000] {logging_mixin.py:188} INFO - Extracted text and CSV uploaded to: s3://assignment4-ext/pypdf2_extracted_text_2024-l3-topics-combined-2.txt
[2024-03-29T08:50:37.246+0000] {python.py:202} INFO - Done. Returned value was: None
[2024-03-29T08:50:37.265+0000] {taskinstance.py:1149} INFO - Marking task as SUCCESS. dag_id=pdf_to_csv_extraction, task_id=extract_and_convert_to_csv, execution_date=20240329T085026, start_date=20240329T085029, end_date=20240329T085037
[2024-03-29T08:50:37.360+0000] {local_task_job_runner.py:234} INFO - Task exited with return code 0
[2024-03-29T08:50:37.402+0000] {taskinstance.py:3312} INFO - 0 downstream tasks scheduled from follow-on schedule check
