[2024-03-29T08:24:17.005+0000] {taskinstance.py:1979} INFO - Dependencies all met for dep_context=non-requeueable deps ti=<TaskInstance: pdf_to_csv_extraction.extract_and_convert_to_csv manual__2024-03-29T08:24:14.601501+00:00 [queued]>
[2024-03-29T08:24:17.015+0000] {taskinstance.py:1979} INFO - Dependencies all met for dep_context=requeueable deps ti=<TaskInstance: pdf_to_csv_extraction.extract_and_convert_to_csv manual__2024-03-29T08:24:14.601501+00:00 [queued]>
[2024-03-29T08:24:17.016+0000] {taskinstance.py:2193} INFO - Starting attempt 1 of 1
[2024-03-29T08:24:17.031+0000] {taskinstance.py:2217} INFO - Executing <Task(PythonOperator): extract_and_convert_to_csv> on 2024-03-29 08:24:14.601501+00:00
[2024-03-29T08:24:17.042+0000] {standard_task_runner.py:60} INFO - Started process 211 to run task
[2024-03-29T08:24:17.048+0000] {standard_task_runner.py:87} INFO - Running: ['***', 'tasks', 'run', 'pdf_to_csv_extraction', 'extract_and_convert_to_csv', 'manual__2024-03-29T08:24:14.601501+00:00', '--job-id', '164', '--raw', '--subdir', 'DAGS_FOLDER/pypdf_csv.py', '--cfg-path', '/tmp/tmpuuj8v19a']
[2024-03-29T08:24:17.052+0000] {standard_task_runner.py:88} INFO - Job 164: Subtask extract_and_convert_to_csv
[2024-03-29T08:24:17.166+0000] {task_command.py:423} INFO - Running <TaskInstance: pdf_to_csv_extraction.extract_and_convert_to_csv manual__2024-03-29T08:24:14.601501+00:00 [running]> on host 11ac2a879d6a
[2024-03-29T08:24:17.302+0000] {taskinstance.py:2513} INFO - Exporting env vars: AIRFLOW_CTX_DAG_OWNER='***' AIRFLOW_CTX_DAG_ID='pdf_to_csv_extraction' AIRFLOW_CTX_TASK_ID='extract_and_convert_to_csv' AIRFLOW_CTX_EXECUTION_DATE='2024-03-29T08:24:14.601501+00:00' AIRFLOW_CTX_TRY_NUMBER='1' AIRFLOW_CTX_DAG_RUN_ID='manual__2024-03-29T08:24:14.601501+00:00'
[2024-03-29T08:24:17.332+0000] {base.py:83} INFO - Using connection ID 'my_aws_credentials' for task execution.
[2024-03-29T08:24:18.835+0000] {base.py:83} INFO - Using connection ID 'my_aws_credentials' for task execution.
[2024-03-29T08:24:19.227+0000] {base.py:83} INFO - Using connection ID 'my_aws_credentials' for task execution.
[2024-03-29T08:24:19.521+0000] {logging_mixin.py:188} INFO - Extracted text and CSV uploaded to: s3://assignment4-ext/pypdf2_extracted_text_2024-l1-topics-combined-2.txt
[2024-03-29T08:24:19.536+0000] {base.py:83} INFO - Using connection ID 'my_aws_credentials' for task execution.
[2024-03-29T08:24:20.583+0000] {base.py:83} INFO - Using connection ID 'my_aws_credentials' for task execution.
[2024-03-29T08:24:20.953+0000] {base.py:83} INFO - Using connection ID 'my_aws_credentials' for task execution.
[2024-03-29T08:24:21.265+0000] {logging_mixin.py:188} INFO - Extracted text and CSV uploaded to: s3://assignment4-ext/pypdf2_extracted_text_2024-l2-topics-combined-2.txt
[2024-03-29T08:24:21.276+0000] {base.py:83} INFO - Using connection ID 'my_aws_credentials' for task execution.
[2024-03-29T08:24:22.447+0000] {base.py:83} INFO - Using connection ID 'my_aws_credentials' for task execution.
[2024-03-29T08:24:22.837+0000] {base.py:83} INFO - Using connection ID 'my_aws_credentials' for task execution.
[2024-03-29T08:24:23.152+0000] {logging_mixin.py:188} INFO - Extracted text and CSV uploaded to: s3://assignment4-ext/pypdf2_extracted_text_2024-l3-topics-combined-2.txt
[2024-03-29T08:24:23.154+0000] {python.py:202} INFO - Done. Returned value was: None
[2024-03-29T08:24:23.170+0000] {taskinstance.py:1149} INFO - Marking task as SUCCESS. dag_id=pdf_to_csv_extraction, task_id=extract_and_convert_to_csv, execution_date=20240329T082414, start_date=20240329T082417, end_date=20240329T082423
[2024-03-29T08:24:23.239+0000] {local_task_job_runner.py:234} INFO - Task exited with return code 0
[2024-03-29T08:24:23.261+0000] {taskinstance.py:3312} INFO - 0 downstream tasks scheduled from follow-on schedule check
